Arguments: 
  C:\Apps\nodejs\node.exe C:\Users\goloto\AppData\Roaming\npm\node_modules\yarn\bin\yarn.js init

PATH: 
  C:\Python310\Scripts\;C:\Python310\;C:\Windows\system32;C:\Windows;C:\Windows\System32\Wbem;C:\Windows\System32\WindowsPowerShell\v1.0\;C:\Windows\System32\OpenSSH\;C:\Program Files (x86)\NVIDIA Corporation\PhysX\Common;C:\Program Files\NVIDIA Corporation\NVIDIA NvDLISR;C:\Apps\NVIDIA Corporation\NVIDIA NvDLISR;C:\Apps\Git\cmd;C:\ProgramData\chocolatey\bin;C:\Apps\nvm;C:\Apps\nodejs;C:\Users\goloto\AppData\Local\Microsoft\WindowsApps;C:\Apps\JetBrains\WebStorm 2021.3.2\bin;;C:\Users\goloto\AppData\Roaming\npm;C:\Apps\nvm;C:\Apps\nodejs

Yarn version: 
  1.22.17

Node version: 
  12.8.0

Platform: 
  win32 x64

Trace: 
  Error: canceled
      at Interface.<anonymous> (C:\Users\goloto\AppData\Roaming\npm\node_modules\yarn\lib\cli.js:137143:13)
      at Interface.emit (events.js:203:13)
      at Interface._ttyWrite (readline.js:880:16)
      at ReadStream.onkeypress (readline.js:191:10)
      at ReadStream.emit (events.js:203:13)
      at emitKeys (internal/readline/utils.js:414:14)
      at emitKeys.next (<anonymous>)
      at ReadStream.onData (readline.js:1146:36)
      at ReadStream.emit (events.js:203:13)
      at addChunk (_stream_readable.js:295:12)

npm manifest: 
  No manifest

yarn manifest: 
  No manifest

Lockfile: 
  No lockfile
